# JRE version: OpenJDK Runtime Environment (19.0.2+7) (build 19.0.2+7-44)
# Java VM: OpenJDK 64-Bit Server VM (19.0.2+7-44, mixed mode, sharing, tiered, compressed oops, compressed class ptrs, g1 gc, bsd-amd64)
Heap:
 garbage-first heap   total 96256K, used 41561K [0x0000000700000000, 0x0000000800000000)
  region size 2048K, 10 young (20480K), 1 survivors (2048K)
 Metaspace       used 30399K, committed 30848K, reserved 1114112K
  class space    used 3785K, committed 3968K, reserved 1048576K
GC Heap History (6 events):
Event: 0.741 GC heap before
{Heap before GC invocations=0 (full 0):
 garbage-first heap   total 266240K, used 26576K [0x0000000700000000, 0x0000000800000000)
  region size 2048K, 11 young (22528K), 0 survivors (0K)
 Metaspace       used 4117K, committed 4288K, reserved 1114112K
  class space    used 459K, committed 512K, reserved 1048576K
}
Event: 0.748 GC heap after
{Heap after GC invocations=1 (full 0):
 garbage-first heap   total 266240K, used 7428K [0x0000000700000000, 0x0000000800000000)
  region size 2048K, 2 young (4096K), 2 survivors (4096K)
 Metaspace       used 4117K, committed 4288K, reserved 1114112K
  class space    used 459K, committed 512K, reserved 1048576K
}
Event: 5.065 GC heap before
{Heap before GC invocations=1 (full 0):
 garbage-first heap   total 266240K, used 70916K [0x0000000700000000, 0x0000000800000000)
  region size 2048K, 33 young (67584K), 2 survivors (4096K)
 Metaspace       used 20801K, committed 21184K, reserved 1114112K
  class space    used 2730K, committed 2944K, reserved 1048576K
}
Event: 5.092 GC heap after
{Heap after GC invocations=2 (full 0):
 garbage-first heap   total 266240K, used 21971K [0x0000000700000000, 0x0000000800000000)
  region size 2048K, 5 young (10240K), 5 survivors (10240K)
 Metaspace       used 20801K, committed 21184K, reserved 1114112K
  class space    used 2730K, committed 2944K, reserved 1048576K
}
Event: 5.193 GC heap before
{Heap before GC invocations=2 (full 0):
 garbage-first heap   total 266240K, used 26067K [0x0000000700000000, 0x0000000800000000)
  region size 2048K, 8 young (16384K), 5 survivors (10240K)
 Metaspace       used 21172K, committed 21504K, reserved 1114112K
  class space    used 2768K, committed 2944K, reserved 1048576K
}
Event: 5.205 GC heap after
{Heap after GC invocations=3 (full 0):
 garbage-first heap   total 266240K, used 23945K [0x0000000700000000, 0x0000000800000000)
  region size 2048K, 1 young (2048K), 1 survivors (2048K)
 Metaspace       used 21172K, committed 21504K, reserved 1114112K
  class space    used 2768K, committed 2944K, reserved 1048576K
}

