# JRE version: OpenJDK Runtime Environment (19.0.2+7) (build 19.0.2+7-44)
# Java VM: OpenJDK 64-Bit Server VM (19.0.2+7-44, mixed mode, sharing, tiered, compressed oops, compressed class ptrs, g1 gc, bsd-amd64)
Heap:
 garbage-first heap   total 90112K, used 32854K [0x0000000700000000, 0x0000000800000000)
  region size 2048K, 10 young (20480K), 4 survivors (8192K)
 Metaspace       used 27805K, committed 28352K, reserved 1114112K
  class space    used 3581K, committed 3840K, reserved 1048576K
GC Heap History (6 events):
Event: 0.790 GC heap before
{Heap before GC invocations=0 (full 0):
 garbage-first heap   total 266240K, used 24528K [0x0000000700000000, 0x0000000800000000)
  region size 2048K, 11 young (22528K), 0 survivors (0K)
 Metaspace       used 5481K, committed 5696K, reserved 1114112K
  class space    used 647K, committed 768K, reserved 1048576K
}
Event: 0.798 GC heap after
{Heap after GC invocations=1 (full 0):
 garbage-first heap   total 266240K, used 8269K [0x0000000700000000, 0x0000000800000000)
  region size 2048K, 2 young (4096K), 2 survivors (4096K)
 Metaspace       used 5481K, committed 5696K, reserved 1114112K
  class space    used 647K, committed 768K, reserved 1048576K
}
Event: 5.594 GC heap before
{Heap before GC invocations=1 (full 0):
 garbage-first heap   total 266240K, used 61517K [0x0000000700000000, 0x0000000800000000)
  region size 2048K, 27 young (55296K), 2 survivors (4096K)
 Metaspace       used 19459K, committed 19776K, reserved 1114112K
  class space    used 2582K, committed 2752K, reserved 1048576K
}
Event: 5.615 GC heap after
{Heap after GC invocations=2 (full 0):
 garbage-first heap   total 266240K, used 17436K [0x0000000700000000, 0x0000000800000000)
  region size 2048K, 4 young (8192K), 4 survivors (8192K)
 Metaspace       used 19459K, committed 19776K, reserved 1114112K
  class space    used 2582K, committed 2752K, reserved 1048576K
}
Event: 11.144 GC heap before
{Heap before GC invocations=2 (full 0):
 garbage-first heap   total 266240K, used 31772K [0x0000000700000000, 0x0000000800000000)
  region size 2048K, 13 young (26624K), 4 survivors (8192K)
 Metaspace       used 21186K, committed 21504K, reserved 1114112K
  class space    used 2783K, committed 2944K, reserved 1048576K
}
Event: 11.180 GC heap after
{Heap after GC invocations=3 (full 0):
 garbage-first heap   total 266240K, used 20735K [0x0000000700000000, 0x0000000800000000)
  region size 2048K, 4 young (8192K), 4 survivors (8192K)
 Metaspace       used 21186K, committed 21504K, reserved 1114112K
  class space    used 2783K, committed 2944K, reserved 1048576K
}

