# JRE version: OpenJDK Runtime Environment (19.0.2+7) (build 19.0.2+7-44)
# Java VM: OpenJDK 64-Bit Server VM (19.0.2+7-44, mixed mode, sharing, tiered, compressed oops, compressed class ptrs, g1 gc, bsd-amd64)
Heap:
 garbage-first heap   total 90112K, used 33942K [0x0000000700000000, 0x0000000800000000)
  region size 2048K, 2 young (4096K), 1 survivors (2048K)
 Metaspace       used 29694K, committed 30144K, reserved 1114112K
  class space    used 3797K, committed 4032K, reserved 1048576K
GC Heap History (10 events):
Event: 0.859 GC heap before
{Heap before GC invocations=0 (full 0):
 garbage-first heap   total 266240K, used 24528K [0x0000000700000000, 0x0000000800000000)
  region size 2048K, 11 young (22528K), 0 survivors (0K)
 Metaspace       used 5505K, committed 5696K, reserved 1114112K
  class space    used 650K, committed 768K, reserved 1048576K
}
Event: 0.865 GC heap after
{Heap after GC invocations=1 (full 0):
 garbage-first heap   total 266240K, used 8242K [0x0000000700000000, 0x0000000800000000)
  region size 2048K, 2 young (4096K), 2 survivors (4096K)
 Metaspace       used 5505K, committed 5696K, reserved 1114112K
  class space    used 650K, committed 768K, reserved 1048576K
}
Event: 9.650 GC heap before
{Heap before GC invocations=1 (full 0):
 garbage-first heap   total 266240K, used 63538K [0x0000000700000000, 0x0000000800000000)
  region size 2048K, 27 young (55296K), 2 survivors (4096K)
 Metaspace       used 19457K, committed 19776K, reserved 1114112K
  class space    used 2584K, committed 2752K, reserved 1048576K
}
Event: 9.673 GC heap after
{Heap after GC invocations=2 (full 0):
 garbage-first heap   total 266240K, used 17443K [0x0000000700000000, 0x0000000800000000)
  region size 2048K, 4 young (8192K), 4 survivors (8192K)
 Metaspace       used 19457K, committed 19776K, reserved 1114112K
  class space    used 2584K, committed 2752K, reserved 1048576K
}
Event: 274.207 GC heap before
{Heap before GC invocations=2 (full 0):
 garbage-first heap   total 266240K, used 33827K [0x0000000700000000, 0x0000000800000000)
  region size 2048K, 13 young (26624K), 4 survivors (8192K)
 Metaspace       used 21185K, committed 21504K, reserved 1114112K
  class space    used 2840K, committed 3008K, reserved 1048576K
}
Event: 274.244 GC heap after
{Heap after GC invocations=3 (full 0):
 garbage-first heap   total 266240K, used 20046K [0x0000000700000000, 0x0000000800000000)
  region size 2048K, 4 young (8192K), 4 survivors (8192K)
 Metaspace       used 21185K, committed 21504K, reserved 1114112K
  class space    used 2840K, committed 3008K, reserved 1048576K
}
Event: 486.623 GC heap before
{Heap before GC invocations=4 (full 0):
 garbage-first heap   total 90112K, used 63054K [0x0000000700000000, 0x0000000800000000)
  region size 2048K, 26 young (53248K), 4 survivors (8192K)
 Metaspace       used 29634K, committed 30144K, reserved 1114112K
  class space    used 3792K, committed 4032K, reserved 1048576K
}
Event: 486.648 GC heap after
{Heap after GC invocations=5 (full 0):
 garbage-first heap   total 90112K, used 31076K [0x0000000700000000, 0x0000000800000000)
  region size 2048K, 4 young (8192K), 4 survivors (8192K)
 Metaspace       used 29634K, committed 30144K, reserved 1114112K
  class space    used 3792K, committed 4032K, reserved 1048576K
}
Event: 486.736 GC heap before
{Heap before GC invocations=5 (full 0):
 garbage-first heap   total 90112K, used 33124K [0x0000000700000000, 0x0000000800000000)
  region size 2048K, 5 young (10240K), 4 survivors (8192K)
 Metaspace       used 29653K, committed 30144K, reserved 1114112K
  class space    used 3792K, committed 4032K, reserved 1048576K
}
Event: 486.742 GC heap after
{Heap after GC invocations=6 (full 0):
 garbage-first heap   total 90112K, used 31894K [0x0000000700000000, 0x0000000800000000)
  region size 2048K, 1 young (2048K), 1 survivors (2048K)
 Metaspace       used 29653K, committed 30144K, reserved 1114112K
  class space    used 3792K, committed 4032K, reserved 1048576K
}

